<?xml version="1.0" encoding="UTF-8"?>
<!-- Generated by org.testng.reporters.JUnitReportReporter -->
<testsuite hostname="DESKTOP-TLVKPBE" failures="0" tests="1" name="mavendemo.PageObjectDemoTest" time="0.654" errors="0" timestamp="2023-08-22T09:29:09 IST" skipped="0">
  <testcase classname="mavendemo.PageObjectDemoTest" name="testLogin" time="0.654"/>
</testsuite> <!-- mavendemo.PageObjectDemoTest -->
