<?xml version="1.0" encoding="UTF-8"?>
<!-- Generated by org.testng.reporters.JUnitReportReporter -->
<testsuite hostname="DESKTOP-TLVKPBE" failures="0" tests="1" name="mavendemo.TestNGDemo" time="2.612" errors="0" timestamp="2023-08-22T10:35:18 IST" skipped="0">
  <testcase classname="mavendemo.TestNGDemo" name="testWebdriverDemo" time="2.612"/>
</testsuite> <!-- mavendemo.TestNGDemo -->
