<?xml version="1.0" encoding="UTF-8"?>
<!-- Generated by org.testng.reporters.JUnitReportReporter -->
<testsuite hostname="DESKTOP-TLVKPBE" failures="0" tests="1" name="mavendemo.NewDemo" time="9.404" errors="0" timestamp="2023-08-11T10:04:28 IST" skipped="0">
  <testcase classname="mavendemo.NewDemo" name="testNewDemo" time="9.404"/>
</testsuite> <!-- mavendemo.NewDemo -->
