<?xml version="1.0" encoding="UTF-8"?>
<!-- Generated by org.testng.reporters.JUnitReportReporter -->
<testsuite hostname="DESKTOP-TLVKPBE" failures="0" tests="1" name="mavendemo.TestNGDemo" time="12.269" errors="0" timestamp="2023-08-11T10:11:45 IST" skipped="0">
  <testcase classname="mavendemo.TestNGDemo" name="testWebdriver" time="12.269"/>
</testsuite> <!-- mavendemo.TestNGDemo -->
