<?xml version="1.0" encoding="UTF-8"?>
<!-- Generated by org.testng.reporters.JUnitReportReporter -->
<testsuite hostname="DESKTOP-TLVKPBE" failures="0" tests="1" name="mavendemo.NewDemo" time="29.667" errors="0" timestamp="2023-08-11T10:13:15 IST" skipped="0">
  <testcase classname="mavendemo.NewDemo" name="testNewDemo" time="29.667"/>
</testsuite> <!-- mavendemo.NewDemo -->
